[INF]:Reading wifisniffer.conf config file.
[INF]:- Writing to outfile packets.dump[INF]:Initiating netlink device...[DONE]
[INF]:Checking provided wlan interface...[DONE]
[INF]:Initiating uwifi_interface struct...[ERR]:Interface 'wlan0' not in monitor mode[FAILED]
[INF]:Getting interface information...[DONE]
	Interface wlan0 isn't monitor
[INF]:Trying to put interface into monitor state...nl80211 message failed: Object busy
[FAILED]
nl80211 message failed: Object busy
[INF]:Trying to add new virtual monitor interface horst0...[DONE]
[INF]:Trying to bring interface horst0 up...[DONE]
[INF]:Updating interface information...[DONE]
[INF]:Opening packet socket...[DONE]
[INF]:Getting hardware info...[DONE]
[INF]:Trying to change the initial channel number...[WRN]:Could not get current channel of interface[DONE]
Got 1 Bands, 11 Channels:
	1  : 2412 HT40+
	2  : 2417 HT40+
	3  : 2422 HT40+
	4  : 2427 HT40+
	5  : 2432 HT40+-
	6  : 2437 HT40+-
	7  : 2442 HT40+-
	8  : 2447 HT40-
	9  : 2452 HT40-
	10 : 2457 HT40-
	11 : 2462 HT40-
Max PHY rate: 300 Mbps
[INF]:Handled 2 packet(s) in 0.003216 second(s).
[INF]:Handled 2 packet(s) in 0.073572 second(s).
[INF]:Handled 2 packet(s) in 0.027986 second(s).
[INF]:Handled 2 packet(s) in 0.003324 second(s).
[INF]:Handled 2 packet(s) in 0.003100 second(s).
[INF]:Handled 2 packet(s) in 0.073101 second(s).
[INF]:Handled 2 packet(s) in 0.026510 second(s).
[INF]:Handled 2 packet(s) in 0.003345 second(s).
[INF]:Handled 2 packet(s) in 0.073361 second(s).
[INF]:Handled 2 packet(s) in 0.026182 second(s).
[INF]:Handled 2 packet(s) in 0.003118 second(s).
[INF]:Handled 2 packet(s) in 0.073383 second(s).
[INF]:Handled 2 packet(s) in 0.026669 second(s).
[INF]:Handled 2 packet(s) in 0.003213 second(s).
[INF]:Handled 2 packet(s) in 0.073504 second(s).
[INF]:Handled 2 packet(s) in 0.026484 second(s).
[INF]:Handled 2 packet(s) in 0.003029 second(s).
[INF]:Handled 2 packet(s) in 0.073551 second(s).
[INF]:Handled 2 packet(s) in 0.026356 second(s).
[INF]:Handled 2 packet(s) in 0.002800 second(s).
[INF]:Handled 2 packet(s) in 0.073395 second(s).
[INF]:Handled 2 packet(s) in 0.026402 second(s).
[INF]:Handled 2 packet(s) in 0.003160 second(s).
[INF]:Handled 2 packet(s) in 0.073192 second(s).
[INF]:Handled 2 packet(s) in 0.025987 second(s).
[INF]:Handled 2 packet(s) in 0.003137 second(s).
[INF]:Handled 2 packet(s) in 0.073475 second(s).
[INF]:Handled 2 packet(s) in 0.026377 second(s).
[INF]:Handled 2 packet(s) in 0.003180 second(s).
[INF]:Handled 2 packet(s) in 0.073543 second(s).
[INF]:Handled 2 packet(s) in 0.026430 second(s).
[INF]:Handled 2 packet(s) in 0.003121 second(s).
[INF]:Handled 2 packet(s) in 0.073757 second(s).
[INF]:Handled 2 packet(s) in 0.026451 second(s).
[INF]:Handled 2 packet(s) in 0.003216 second(s).
[INF]:Handled 2 packet(s) in 0.073459 second(s).
[INF]:Handled 2 packet(s) in 0.026834 second(s).
[INF]:Handled 2 packet(s) in 0.003137 second(s).
[INF]:Handled 2 packet(s) in 0.073253 second(s).
[INF]:Handled 2 packet(s) in 0.026529 second(s).
[INF]:Handled 2 packet(s) in 0.003178 second(s).
[INF]:Handled 2 packet(s) in 0.073436 second(s).
[INF]:Handled 2 packet(s) in 0.026376 second(s).
[INF]:Handled 2 packet(s) in 0.003262 second(s).
[INF]:Handled 2 packet(s) in 0.073488 second(s).
[INF]:Handled 2 packet(s) in 0.026371 second(s).
[INF]:Handled 2 packet(s) in 0.002510 second(s).
[INF]:Handled 2 packet(s) in 0.073405 second(s).
[INF]:Handled 2 packet(s) in 0.026520 second(s).
[INF]:Handled 2 packet(s) in 0.002919 second(s).
[INF]:Handled 2 packet(s) in 0.073089 second(s).
[INF]:Handled 2 packet(s) in 0.026524 second(s).
[INF]:Handled 2 packet(s) in 0.003176 second(s).
[INF]:Handled 2 packet(s) in 0.072973 second(s).
[INF]:Handled 2 packet(s) in 0.026583 second(s).
[INF]:Handled 2 packet(s) in 0.003131 second(s).
[INF]:Handled 2 packet(s) in 0.074058 second(s).
[INF]:Handled 2 packet(s) in 0.026272 second(s).
[INF]:Handled 2 packet(s) in 0.003310 second(s).
[INF]:Handled 2 packet(s) in 0.073498 second(s).
[INF]:Handled 2 packet(s) in 0.026319 second(s).
[INF]:Handled 2 packet(s) in 0.003363 second(s).
[INF]:Handled 2 packet(s) in 0.073495 second(s).
[INF]:Handled 2 packet(s) in 0.026309 second(s).
[INF]:Handled 2 packet(s) in 0.002949 second(s).
[INF]:Handled 2 packet(s) in 0.073644 second(s).
[INF]:Handled 2 packet(s) in 0.026340 second(s).
[INF]:Handled 2 packet(s) in 0.029090 second(s).
[INF]:Handled 2 packet(s) in 0.003222 second(s).
[INF]:Handled 2 packet(s) in 0.073665 second(s).
[INF]:Handled 2 packet(s) in 0.026479 second(s).
[INF]:Handled 2 packet(s) in 0.003397 second(s).
[INF]:Handled 2 packet(s) in 0.073499 second(s).
[INF]:Handled 2 packet(s) in 0.026891 second(s).
[INF]:Handled 2 packet(s) in 0.003149 second(s).
[INF]:Handled 2 packet(s) in 0.073689 second(s).
[INF]:Handled 2 packet(s) in 0.026404 second(s).
[INF]:Handled 2 packet(s) in 0.003200 second(s).
[INF]:Handled 2 packet(s) in 0.073592 second(s).
[INF]:Handled 2 packet(s) in 0.026229 second(s).
[INF]:Handled 2 packet(s) in 0.003170 second(s).
[INF]:Handled 2 packet(s) in 0.073189 second(s).
[INF]:Handled 2 packet(s) in 0.026252 second(s).
[INF]:Handled 2 packet(s) in 0.002949 second(s).
[INF]:Handled 2 packet(s) in 0.073542 second(s).
[INF]:Handled 2 packet(s) in 0.026405 second(s).
[INF]:Handled 2 packet(s) in 0.003132 second(s).
[INF]:Handled 2 packet(s) in 0.073356 second(s).
[INF]:Handled 2 packet(s) in 0.026499 second(s).
[INF]:Handled 2 packet(s) in 0.029231 second(s).
[INF]:Handled 2 packet(s) in 0.029256 second(s).
[INF]:Handled 2 packet(s) in 0.029426 second(s).
[INF]:Handled 2 packet(s) in 0.029302 second(s).
[INF]:Handled 2 packet(s) in 0.003139 second(s).
[INF]:Handled 2 packet(s) in 0.073232 second(s).
[INF]:Handled 2 packet(s) in 0.026264 second(s).
[INF]:Handled 2 packet(s) in 0.003001 second(s).
[INF]:Handled 2 packet(s) in 0.073241 second(s).
[INF]:Handled 2 packet(s) in 0.026408 second(s).
[INF]:Handled 2 packet(s) in 0.035830 second(s).
[INF]:Handled 2 packet(s) in 0.029278 second(s).
[INF]:Handled 2 packet(s) in 0.029283 second(s).
[INF]:Handled 2 packet(s) in 0.003215 second(s).
[INF]:Handled 2 packet(s) in 0.073422 second(s).
[INF]:Handled 2 packet(s) in 0.026245 second(s).
[INF]:Handled 2 packet(s) in 0.003183 second(s).
[INF]:Handled 2 packet(s) in 0.073536 second(s).
[INF]:Handled 2 packet(s) in 0.026679 second(s).
[INF]:Handled 2 packet(s) in 0.003073 second(s).
[INF]:Handled 2 packet(s) in 0.073298 second(s).
[INF]:Handled 2 packet(s) in 0.026285 second(s).
[INF]:Handled 2 packet(s) in 0.003244 second(s).
[INF]:Handled 2 packet(s) in 0.073541 second(s).
[INF]:Handled 2 packet(s) in 0.026499 second(s).
[INF]:Handled 2 packet(s) in 0.029492 second(s).
[INF]:Handled 2 packet(s) in 0.003310 second(s).
[INF]:Handled 2 packet(s) in 0.073547 second(s).
[INF]:Handled 2 packet(s) in 0.026444 second(s).
[INF]:Handled 2 packet(s) in 0.003170 second(s).
[INF]:Handled 2 packet(s) in 0.073543 second(s).
[INF]:Handled 2 packet(s) in 0.026673 second(s).
[INF]:Handled 2 packet(s) in 0.029135 second(s).
[INF]:Handled 2 packet(s) in 0.029448 second(s).
[INF]:Handled 2 packet(s) in 0.030173 second(s).
[INF]:Handled 2 packet(s) in 0.002941 second(s).
[INF]:Handled 2 packet(s) in 0.073582 second(s).
[INF]:Handled 2 packet(s) in 0.073559 second(s).
[INF]:Handled 2 packet(s) in 0.026340 second(s).
[INF]:Handled 2 packet(s) in 0.003174 second(s).
[INF]:Handled 2 packet(s) in 0.073417 second(s).
[INF]:Handled 2 packet(s) in 0.026721 second(s).
[INF]:Handled 2 packet(s) in 0.029382 second(s).
[INF]:Handled 2 packet(s) in 0.029411 second(s).
[INF]:Handled 2 packet(s) in 0.003079 second(s).
[INF]:Handled 2 packet(s) in 0.073544 second(s).
[INF]:Handled 2 packet(s) in 0.073457 second(s).
[INF]:Handled 2 packet(s) in 0.026497 second(s).
[INF]:Handled 2 packet(s) in 0.003133 second(s).
[INF]:Handled 2 packet(s) in 0.073656 second(s).
[INF]:Handled 2 packet(s) in 0.026376 second(s).
[INF]:Handled 2 packet(s) in 0.003131 second(s).
[INF]:Handled 2 packet(s) in 0.073532 second(s).
[INF]:Handled 2 packet(s) in 0.026409 second(s).
[INF]:Handled 2 packet(s) in 0.003088 second(s).
[INF]:Handled 2 packet(s) in 0.073531 second(s).
[INF]:Handled 2 packet(s) in 0.073600 second(s).
[INF]:Handled 2 packet(s) in 0.026472 second(s).
[INF]:Handled 2 packet(s) in 0.029237 second(s).
[INF]:Handled 2 packet(s) in 0.003527 second(s).
[INF]:Handled 2 packet(s) in 0.073479 second(s).
[INF]:Handled 2 packet(s) in 0.026348 second(s).
[INF]:Handled 2 packet(s) in 0.003156 second(s).
[INF]:Handled 2 packet(s) in 0.073222 second(s).
[INF]:Handled 2 packet(s) in 0.026451 second(s).
[INF]:Handled 2 packet(s) in 0.029282 second(s).
[INF]:Handled 2 packet(s) in 0.029382 second(s).
[INF]:Handled 2 packet(s) in 0.029403 second(s).
[INF]:Handled 2 packet(s) in 0.003331 second(s).
[INF]:Handled 2 packet(s) in 0.073598 second(s).
[INF]:Handled 2 packet(s) in 0.073227 second(s).
[INF]:Handled 2 packet(s) in 0.026620 second(s).
[INF]:Handled 2 packet(s) in 0.003048 second(s).
[INF]:Handled 2 packet(s) in 0.073455 second(s).
[INF]:Handled 2 packet(s) in 0.026351 second(s).
[INF]:Handled 2 packet(s) in 0.003162 second(s).
[INF]:Handled 2 packet(s) in 0.073676 second(s).
[INF]:Handled 2 packet(s) in 0.073215 second(s).
[INF]:Handled 2 packet(s) in 0.026499 second(s).
[INF]:Handled 2 packet(s) in 0.003215 second(s).
[INF]:Handled 2 packet(s) in 0.073550 second(s).
[INF]:Handled 2 packet(s) in 0.026465 second(s).
[INF]:Handled 2 packet(s) in 0.003083 second(s).
[INF]:Handled 2 packet(s) in 0.072828 second(s).
[INF]:Handled 2 packet(s) in 0.026468 second(s).
[INF]:Handled 2 packet(s) in 0.003074 second(s).
[INF]:Handled 2 packet(s) in 0.073413 second(s).
[INF]:Handled 2 packet(s) in 0.026361 second(s).
[INF]:Handled 2 packet(s) in 0.003091 second(s).
[INF]:Handled 2 packet(s) in 0.073573 second(s).
[INF]:Handled 2 packet(s) in 0.034703 second(s).
[INF]:Handled 2 packet(s) in 0.003065 second(s).
[INF]:Handled 2 packet(s) in 0.073654 second(s).
[INF]:Handled 2 packet(s) in 0.026503 second(s).
[INF]:Handled 2 packet(s) in 0.003263 second(s).
[INF]:Handled 2 packet(s) in 0.073555 second(s).
[INF]:Handled 2 packet(s) in 0.026469 second(s).
[INF]:Handled 2 packet(s) in 0.003096 second(s).
[INF]:Handled 2 packet(s) in 0.073532 second(s).
[INF]:Handled 2 packet(s) in 0.026304 second(s).
[INF]:Handled 2 packet(s) in 0.029287 second(s).
[INF]:Handled 2 packet(s) in 0.002979 second(s).
[INF]:Handled 2 packet(s) in 0.073440 second(s).
[INF]:Handled 2 packet(s) in 0.073653 second(s).
[INF]:Handled 2 packet(s) in 0.025653 second(s).
[INF]:Handled 2 packet(s) in 0.029071 second(s).
[INF]:Handled 2 packet(s) in 0.003154 second(s).
[INF]:Handled 2 packet(s) in 0.073578 second(s).
[INF]:Handled 2 packet(s) in 0.026538 second(s).
[INF]:Handled 2 packet(s) in 0.003165 second(s).
[INF]:Handled 2 packet(s) in 0.073577 second(s).
[INF]:Handled 2 packet(s) in 0.026516 second(s).
[INF]:Handled 2 packet(s) in 0.029211 second(s).
[INF]:Handled 2 packet(s) in 0.003050 second(s).
[INF]:Handled 2 packet(s) in 0.073510 second(s).
[INF]:Handled 2 packet(s) in 0.073574 second(s).
[INF]:Handled 2 packet(s) in 0.026555 second(s).
[INF]:Handled 2 packet(s) in 0.003019 second(s).
[INF]:Handled 2 packet(s) in 0.073439 second(s).
[INF]:Handled 2 packet(s) in 0.026316 second(s).
[INF]:Handled 2 packet(s) in 0.003111 second(s).
[INF]:Handled 2 packet(s) in 0.073539 second(s).
[INF]:Handled 2 packet(s) in 0.073573 second(s).
[INF]:Handled 2 packet(s) in 0.026405 second(s).
[INF]:Handled 2 packet(s) in 0.029371 second(s).
[INF]:Handled 2 packet(s) in 0.002656 second(s).
[INF]:Handled 2 packet(s) in 0.073629 second(s).
[INF]:Handled 2 packet(s) in 0.073708 second(s).
[INF]:Handled 2 packet(s) in 0.026327 second(s).
[INF]:Handled 2 packet(s) in 0.003048 second(s).
[INF]:Handled 2 packet(s) in 0.073514 second(s).
[INF]:Handled 2 packet(s) in 0.026311 second(s).
[INF]:Handled 2 packet(s) in 0.003014 second(s).
[INF]:Handled 2 packet(s) in 0.073668 second(s).
[INF]:Handled 2 packet(s) in 0.073592 second(s).
[INF]:Handled 2 packet(s) in 0.073502 second(s).
[INF]:Handled 2 packet(s) in 0.073605 second(s).
[INF]:Handled 2 packet(s) in 0.026449 second(s).
[INF]:Handled 2 packet(s) in 0.002576 second(s).
[INF]:Handled 2 packet(s) in 0.073521 second(s).
[INF]:Handled 2 packet(s) in 0.026458 second(s).
[INF]:Handled 2 packet(s) in 0.003177 second(s).
[INF]:Handled 2 packet(s) in 0.072952 second(s).
[INF]:Handled 2 packet(s) in 0.026495 second(s).
[INF]:Handled 2 packet(s) in 0.003070 second(s).
[INF]:Handled 2 packet(s) in 0.073278 second(s).
[INF]:Handled 2 packet(s) in 0.073393 second(s).
[INF]:Handled 2 packet(s) in 0.026452 second(s).
[INF]:Handled 2 packet(s) in 0.029059 second(s).
[INF]:Handled 2 packet(s) in 0.003009 second(s).
[INF]:Handled 2 packet(s) in 0.073599 second(s).
[INF]:Handled 2 packet(s) in 0.026486 second(s).
[INF]:Handled 2 packet(s) in 0.003164 second(s).
[INF]:Handled 2 packet(s) in 0.073472 second(s).
[INF]:Handled 2 packet(s) in 0.026786 second(s).
[INF]:Handled 2 packet(s) in 0.029201 second(s).
[INF]:Handled 2 packet(s) in 0.029332 second(s).
[INF]:Handled 2 packet(s) in 0.029219 second(s).
[INF]:Handled 2 packet(s) in 0.003103 second(s).
[INF]:Handled 2 packet(s) in 0.073564 second(s).
[INF]:Handled 2 packet(s) in 0.073464 second(s).
[INF]:Handled 2 packet(s) in 0.026489 second(s).
[INF]:Handled 2 packet(s) in 0.003024 second(s).
[INF]:Handled 2 packet(s) in 0.073660 second(s).
[INF]:Handled 2 packet(s) in 0.026191 second(s).
[INF]:Handled 2 packet(s) in 0.002933 second(s).
[INF]:Handled 2 packet(s) in 0.073361 second(s).
[INF]:Handled 2 packet(s) in 0.073458 second(s).
[INF]:Handled 2 packet(s) in 0.026231 second(s).
[INF]:Handled 2 packet(s) in 0.029167 second(s).
[INF]:Handled 2 packet(s) in 0.002681 second(s).
[INF]:Handled 2 packet(s) in 0.073687 second(s).
[INF]:Handled 2 packet(s) in 0.026138 second(s).
[INF]:Handled 2 packet(s) in 0.003094 second(s).
[INF]:Handled 2 packet(s) in 0.073533 second(s).
[INF]:Handled 2 packet(s) in 0.026748 second(s).
[INF]:Handled 2 packet(s) in 0.003015 second(s).
[INF]:Handled 2 packet(s) in 0.073554 second(s).
[INF]:Handled 2 packet(s) in 0.026197 second(s).
[INF]:Handled 2 packet(s) in 0.029126 second(s).
[INF]:Handled 2 packet(s) in 0.002895 second(s).
[INF]:Handled 2 packet(s) in 0.073697 second(s).
[INF]:Handled 2 packet(s) in 0.073609 second(s).
[INF]:Handled 2 packet(s) in 0.073590 second(s).
[INF]:Handled 2 packet(s) in 0.026325 second(s).
[INF]:Handled 2 packet(s) in 0.003118 second(s).
[INF]:Handled 2 packet(s) in 0.073574 second(s).
[INF]:Handled 2 packet(s) in 0.026590 second(s).
[INF]:Handled 2 packet(s) in 0.029236 second(s).
[INF]:Handled 2 packet(s) in 0.029352 second(s).
[INF]:Handled 2 packet(s) in 0.029394 second(s).
[INF]:Handled 2 packet(s) in 0.002996 second(s).
[INF]:Handled 2 packet(s) in 0.074113 second(s).
[INF]:Handled 2 packet(s) in 0.073612 second(s).
[INF]:Handled 2 packet(s) in 0.026315 second(s).
[INF]:Handled 2 packet(s) in 0.003030 second(s).
[INF]:Handled 2 packet(s) in 0.071943 second(s).
[INF]:Handled 2 packet(s) in 0.026645 second(s).
[INF]:Handled 2 packet(s) in 0.003136 second(s).
[INF]:Handled 2 packet(s) in 0.073768 second(s).
[INF]:Handled 2 packet(s) in 0.073640 second(s).
[INF]:Handled 2 packet(s) in 0.026464 second(s).
[INF]:Handled 2 packet(s) in 0.029304 second(s).
[INF]:Handled 2 packet(s) in 0.002963 second(s).
[INF]:Handled 2 packet(s) in 0.073458 second(s).
[INF]:Handled 2 packet(s) in 0.026455 second(s).
[INF]:Handled 2 packet(s) in 0.003124 second(s).
[INF]:Handled 2 packet(s) in 0.073568 second(s).
[INF]:Handled 2 packet(s) in 0.026827 second(s).
[INF]:Handled 2 packet(s) in 0.002933 second(s).
[INF]:Handled 2 packet(s) in 0.073274 second(s).
[INF]:Handled 2 packet(s) in 0.026144 second(s).
[INF]:Handled 2 packet(s) in 0.003039 second(s).
[INF]:Handled 2 packet(s) in 0.073733 second(s).
[INF]:Handled 2 packet(s) in 0.026464 second(s).
[INF]:Handled 2 packet(s) in 0.029462 second(s).
[INF]:Handled 2 packet(s) in 0.002861 second(s).
[INF]:Handled 2 packet(s) in 0.073818 second(s).
[INF]:Handled 2 packet(s) in 0.026538 second(s).
[INF]:Handled 2 packet(s) in 0.002912 second(s).
[INF]:Handled 2 packet(s) in 0.073680 second(s).
[INF]:Handled 2 packet(s) in 0.026662 second(s).
[INF]:Handled 2 packet(s) in 0.003139 second(s).
[INF]:Handled 2 packet(s) in 0.073708 second(s).
[INF]:Handled 2 packet(s) in 0.026405 second(s).
[INF]:Handled 2 packet(s) in 0.029364 second(s).
[INF]:Handled 2 packet(s) in 0.002892 second(s).
[INF]:Handled 2 packet(s) in 0.073892 second(s).
[INF]:Handled 2 packet(s) in 0.026511 second(s).
[INF]:Handled 2 packet(s) in 0.003111 second(s).
[INF]:Handled 2 packet(s) in 0.073696 second(s).
[INF]:Handled 2 packet(s) in 0.026290 second(s).
[INF]:Handled 2 packet(s) in 0.002799 second(s).
[INF]:Handled 2 packet(s) in 0.073515 second(s).
[INF]:Handled 2 packet(s) in 0.026262 second(s).
[INF]:Handled 2 packet(s) in 0.029297 second(s).
[INF]:Handled 2 packet(s) in 0.002983 second(s).
[INF]:Handled 2 packet(s) in 0.073595 second(s).
[INF]:Handled 2 packet(s) in 0.026324 second(s).
[INF]:Handled 2 packet(s) in 0.002931 second(s).
[INF]:Handled 2 packet(s) in 0.073709 second(s).
[INF]:Handled 2 packet(s) in 0.026453 second(s).
[INF]:Handled 2 packet(s) in 0.003048 second(s).
[INF]:Handled 2 packet(s) in 0.073690 second(s).
[INF]:Handled 2 packet(s) in 0.026794 second(s).
[INF]:Handled 2 packet(s) in 0.002950 second(s).
[INF]:Handled 2 packet(s) in 0.073628 second(s).
[INF]:Handled 2 packet(s) in 0.026282 second(s).
[INF]:Handled 2 packet(s) in 0.002896 second(s).
[INF]:Handled 2 packet(s) in 0.073611 second(s).
[INF]:Handled 2 packet(s) in 0.026506 second(s).
[INF]:Handled 2 packet(s) in 0.003009 second(s).
[INF]:Handled 2 packet(s) in 0.073430 second(s).
[INF]:Handled 2 packet(s) in 0.026326 second(s).
[INF]:Handled 2 packet(s) in 0.003144 second(s).
[INF]:Handled 2 packet(s) in 0.073630 second(s).
[INF]:Handled 2 packet(s) in 0.026478 second(s).
[INF]:Handled 2 packet(s) in 0.003069 second(s).
[INF]:Handled 2 packet(s) in 0.072796 second(s).
[INF]:Handled 2 packet(s) in 0.026446 second(s).
[INF]:Handled 2 packet(s) in 0.002894 second(s).
[INF]:Handled 2 packet(s) in 0.073720 second(s).
[INF]:Handled 2 packet(s) in 0.026286 second(s).
[INF]:Handled 2 packet(s) in 0.002933 second(s).
[INF]:Handled 2 packet(s) in 0.073986 second(s).
[INF]:Handled 2 packet(s) in 0.026359 second(s).
[INF]:Handled 2 packet(s) in 0.002834 second(s).
[INF]:Handled 2 packet(s) in 0.073348 second(s).
[INF]:Handled 2 packet(s) in 0.073632 second(s).
[INF]:Handled 2 packet(s) in 0.026564 second(s).
[INF]:Handled 2 packet(s) in 0.002936 second(s).
[INF]:Handled 2 packet(s) in 0.073607 second(s).
[INF]:Handled 2 packet(s) in 0.026589 second(s).
[INF]:Handled 2 packet(s) in 0.002961 second(s).
[INF]:<main.c> exit_handler(): Bye-bye!
